<?xml version="1.0" encoding="UTF-8"?>
<!-- Generated by org.testng.reporters.JUnitReportReporter -->
<testsuite hostname="HK" failures="0" tests="2" name="org.techArk.tests.login.ValidateLoginAPI_Functionality" time="2.865" errors="0" timestamp="2024-03-19T00:38:32 PDT" skipped="0">
  <testcase classname="org.techArk.tests.login.ValidateLoginAPI_Functionality" name="validateLoginWithValidCredentials" time="2.510"/>
  <system-out/>
  <testcase classname="org.techArk.tests.login.ValidateLoginAPI_Functionality" name="validateLoginWithInValidCredentials" time="0.355"/>
  <system-out/>
</testsuite> <!-- org.techArk.tests.login.ValidateLoginAPI_Functionality -->
